<?xml version="1.0" encoding="UTF-8"?>
<testsuite xmlns:xsi="http://www.w3.org/2001/XMLSchema-instance" xsi:noNamespaceSchemaLocation="https://maven.apache.org/surefire/maven-surefire-plugin/xsd/surefire-test-report-3.0.xsd" version="3.0" name="MathCalculatorTest" time="0.026" tests="4" errors="0" skipped="0" failures="0">
  <properties>
[...]
</properties>
  <testcase name="computePower" classname="MathCalculatorTest" time="0.011"/>
  <testcase name="computeNaturalLog" classname="MathCalculatorTest" time="0.002"/>
  <testcase name="computeFactorial" classname="MathCalculatorTest" time="0.001"/>
  <testcase name="computeSquareRoot" classname="MathCalculatorTest" time="0.001"/>
</testsuite>