<?xml version="1.0" encoding="UTF-8"?>
<testsuite xmlns:xsi="http://www.w3.org/2001/XMLSchema-instance" xsi:noNamespaceSchemaLocation="https://maven.apache.org/surefire/maven-surefire-plugin/xsd/surefire-test-report-3.0.xsd" version="3.0" name="MathCalculatorTest" time="0.27" tests="4" errors="0" skipped="0" failures="0">
  <properties>
[...]
</properties>
  <testcase name="computePower" classname="MathCalculatorTest" time="0.026">
    <system-out><![CDATA[11:06:48.903 [main] INFO  Calculator.MathCalculator - [POWER - 2.0 RAISED TO] 3.0
11:06:48.904 [main] INFO  Calculator.MathCalculator - [RESULT - POWER - 8.0
11:06:48.906 [main] INFO  Calculator.MathCalculator - [POWER - 1.0 RAISED TO] 3.0
11:06:48.906 [main] INFO  Calculator.MathCalculator - [RESULT - POWER - 1.0
11:06:48.906 [main] INFO  Calculator.MathCalculator - [POWER - 3.0 RAISED TO] 4.0
11:06:48.907 [main] INFO  Calculator.MathCalculator - [RESULT - POWER - 81.0
11:06:48.907 [main] INFO  Calculator.MathCalculator - [POWER - 4.0 RAISED TO] 3.0
11:06:48.907 [main] INFO  Calculator.MathCalculator - [RESULT - POWER - 64.0
11:06:48.907 [main] INFO  Calculator.MathCalculator - [POWER - 4.0 RAISED TO] 3.0
11:06:48.907 [main] INFO  Calculator.MathCalculator - [RESULT - POWER - 64.0
11:06:48.907 [main] INFO  Calculator.MathCalculator - [POWER - 0.0 RAISED TO] -1.0
11:06:48.907 [main] INFO  Calculator.MathCalculator - [RESULT - POWER - Infinity
11:06:48.908 [main] INFO  Calculator.MathCalculator - [POWER - 10.0 RAISED TO] 2.0
11:06:48.908 [main] INFO  Calculator.MathCalculator - [RESULT - POWER - 100.0
]]></system-out>
  </testcase>
  <testcase name="computeNaturalLog" classname="MathCalculatorTest" time="0.001">
    <system-out><![CDATA[11:06:48.912 [main] INFO  Calculator.MathCalculator - [NATURAL LOG] - 1.0
11:06:48.912 [main] INFO  Calculator.MathCalculator - [RESULT - NATURAL LOG] - 0.0
11:06:48.912 [main] INFO  Calculator.MathCalculator - [NATURAL LOG] - 50.0
11:06:48.912 [main] INFO  Calculator.MathCalculator - [RESULT - NATURAL LOG] - 3.912023005428146
11:06:48.913 [main] INFO  Calculator.MathCalculator - [NATURAL LOG] - 120000.0
11:06:48.913 [main] INFO  Calculator.MathCalculator - [RESULT - NATURAL LOG] - 11.695247021764184
11:06:48.913 [main] INFO  Calculator.MathCalculator - [NATURAL LOG] - 44.0
11:06:48.913 [main] INFO  Calculator.MathCalculator - [RESULT - NATURAL LOG] - 3.784189633918261
11:06:48.913 [main] INFO  Calculator.MathCalculator - [NATURAL LOG] - 7041.0
11:06:48.913 [main] INFO  Calculator.MathCalculator - [RESULT - NATURAL LOG] - 8.859505484519133
]]></system-out>
  </testcase>
  <testcase name="computeFactorial" classname="MathCalculatorTest" time="0.002">
    <system-out><![CDATA[11:06:48.914 [main] INFO  Calculator.MathCalculator - [FACTORIAL] - 5.0
11:06:48.915 [main] INFO  Calculator.MathCalculator - [RESULT - FACTORIAL] - 120.0
11:06:48.915 [main] INFO  Calculator.MathCalculator - [FACTORIAL] - 0.0
11:06:48.915 [main] INFO  Calculator.MathCalculator - [RESULT - FACTORIAL] - 1.0
11:06:48.915 [main] INFO  Calculator.MathCalculator - [FACTORIAL] - 2.0
11:06:48.915 [main] INFO  Calculator.MathCalculator - [RESULT - FACTORIAL] - 2.0
11:06:48.915 [main] INFO  Calculator.MathCalculator - [FACTORIAL] - 10.0
11:06:48.915 [main] INFO  Calculator.MathCalculator - [RESULT - FACTORIAL] - 3628800.0
11:06:48.915 [main] INFO  Calculator.MathCalculator - [FACTORIAL] - 6.0
11:06:48.916 [main] INFO  Calculator.MathCalculator - [RESULT - FACTORIAL] - 720.0
11:06:48.916 [main] INFO  Calculator.MathCalculator - [FACTORIAL] - 7.0
11:06:48.916 [main] INFO  Calculator.MathCalculator - [RESULT - FACTORIAL] - 5040.0
11:06:48.916 [main] INFO  Calculator.MathCalculator - [FACTORIAL] - 8.0
11:06:48.916 [main] INFO  Calculator.MathCalculator - [RESULT - FACTORIAL] - 40320.0
11:06:48.916 [main] INFO  Calculator.MathCalculator - [FACTORIAL] - 14.0
11:06:48.916 [main] INFO  Calculator.MathCalculator - [RESULT - FACTORIAL] - 8.71782912E10
]]></system-out>
  </testcase>
  <testcase name="computeSquareRoot" classname="MathCalculatorTest" time="0.002">
    <system-out><![CDATA[11:06:48.917 [main] INFO  Calculator.MathCalculator - [SQRT] - 16.0
11:06:48.918 [main] INFO  Calculator.MathCalculator - [RESULT - SQRT] - 4.0
11:06:48.918 [main] INFO  Calculator.MathCalculator - [SQRT] - 1.0
11:06:48.918 [main] INFO  Calculator.MathCalculator - [RESULT - SQRT] - 1.0
11:06:48.918 [main] INFO  Calculator.MathCalculator - [SQRT] - 81.0
11:06:48.918 [main] INFO  Calculator.MathCalculator - [RESULT - SQRT] - 9.0
11:06:48.918 [main] INFO  Calculator.MathCalculator - [SQRT] - 36.0
11:06:48.918 [main] INFO  Calculator.MathCalculator - [RESULT - SQRT] - 6.0
11:06:48.918 [main] INFO  Calculator.MathCalculator - [SQRT] - 35.0
11:06:48.918 [main] INFO  Calculator.MathCalculator - [RESULT - SQRT] - 5.916079783099616
11:06:48.918 [main] INFO  Calculator.MathCalculator - [SQRT] - 0.25
11:06:48.918 [main] INFO  Calculator.MathCalculator - [RESULT - SQRT] - 0.5
11:06:48.919 [main] INFO  Calculator.MathCalculator - [SQRT] - 101.0
11:06:48.919 [main] INFO  Calculator.MathCalculator - [RESULT - SQRT] - 10.04987562112089
]]></system-out>
  </testcase>
</testsuite>